{"D:\\Users\\Kokushi\\WebstormProjects\\Functions-AuthProjectT\\functions\\src\\orders\\order.service.ts": {"path":"D:\\Users\\Kokushi\\WebstormProjects\\Functions-AuthProjectT\\functions\\src\\orders\\order.service.ts","statementMap":{"0":{"start":{"line":6,"column":22},"end":{"line":6,"column":48}},"1":{"start":{"line":6,"column":58},"end":{"line":6,"column":84}},"2":{"start":{"line":7,"column":4},"end":{"line":7,"column":32}},"3":{"start":{"line":8,"column":4},"end":{"line":8,"column":32}},"4":{"start":{"line":12,"column":4},"end":{"line":14,"column":null}},"5":{"start":{"line":13,"column":6},"end":{"line":13,"column":92}},"6":{"start":{"line":15,"column":4},"end":{"line":19,"column":null}},"7":{"start":{"line":16,"column":6},"end":{"line":16,"column":95}},"8":{"start":{"line":18,"column":6},"end":{"line":18,"column":57}},"9":{"start":{"line":21,"column":4},"end":{"line":21,"column":34}},"10":{"start":{"line":5,"column":0},"end":{"line":5,"column":13}}},"fnMap":{"0":{"name":"(anonymous_0)","decl":{"start":{"line":6,"column":2},"end":{"line":6,"column":22}},"loc":{"start":{"line":6,"column":84},"end":{"line":9,"column":3}}},"1":{"name":"(anonymous_1)","decl":{"start":{"line":11,"column":2},"end":{"line":11,"column":7}},"loc":{"start":{"line":11,"column":33},"end":{"line":22,"column":3}}}},"branchMap":{"0":{"loc":{"start":{"line":12,"column":4},"end":{"line":14,"column":null}},"type":"if","locations":[{"start":{"line":12,"column":4},"end":{"line":14,"column":null}},{"start":{"line":12,"column":4},"end":{"line":14,"column":null}}]},"1":{"loc":{"start":{"line":12,"column":8},"end":{"line":12,"column":25}},"type":"binary-expr","locations":[{"start":{"line":12,"column":8},"end":{"line":12,"column":25}},{"start":{"line":12,"column":29},"end":{"line":12,"column":56}}]},"2":{"loc":{"start":{"line":15,"column":4},"end":{"line":19,"column":null}},"type":"if","locations":[{"start":{"line":15,"column":4},"end":{"line":19,"column":null}},{"start":{"line":15,"column":4},"end":{"line":19,"column":null}}]}},"s":{"0":5,"1":5,"2":5,"3":5,"4":3,"5":1,"6":2,"7":1,"8":1,"9":2,"10":1},"f":{"0":5,"1":3},"b":{"0":[1,2],"1":[3,3],"2":[1,1]}}
,"D:\\Users\\Kokushi\\WebstormProjects\\Functions-AuthProjectT\\functions\\src\\products\\product.functions.service.ts": {"path":"D:\\Users\\Kokushi\\WebstormProjects\\Functions-AuthProjectT\\functions\\src\\products\\product.functions.service.ts","statementMap":{"0":{"start":{"line":9,"column":22},"end":{"line":9,"column":54}},"1":{"start":{"line":9,"column":64},"end":{"line":9,"column":100}},"2":{"start":{"line":38,"column":6},"end":{"line":38,"column":57}},"3":{"start":{"line":39,"column":6},"end":{"line":39,"column":38}},"4":{"start":{"line":43,"column":4},"end":{"line":46,"column":null}},"5":{"start":{"line":45,"column":6},"end":{"line":45,"column":71}},"6":{"start":{"line":47,"column":4},"end":{"line":47,"column":29}},"7":{"start":{"line":8,"column":0},"end":{"line":8,"column":13}}},"fnMap":{"0":{"name":"(anonymous_0)","decl":{"start":{"line":9,"column":2},"end":{"line":9,"column":22}},"loc":{"start":{"line":9,"column":100},"end":{"line":10,"column":3}}},"1":{"name":"(anonymous_1)","decl":{"start":{"line":36,"column":2},"end":{"line":36,"column":7}},"loc":{"start":{"line":36,"column":35},"end":{"line":40,"column":3}}},"2":{"name":"(anonymous_2)","decl":{"start":{"line":42,"column":2},"end":{"line":42,"column":7}},"loc":{"start":{"line":42,"column":83},"end":{"line":48,"column":3}}}},"branchMap":{"0":{"loc":{"start":{"line":43,"column":4},"end":{"line":46,"column":null}},"type":"if","locations":[{"start":{"line":43,"column":4},"end":{"line":46,"column":null}},{"start":{"line":43,"column":4},"end":{"line":46,"column":null}}]},"1":{"loc":{"start":{"line":43,"column":8},"end":{"line":43,"column":48}},"type":"binary-expr","locations":[{"start":{"line":43,"column":8},"end":{"line":43,"column":48}},{"start":{"line":43,"column":52},"end":{"line":43,"column":94}}]}},"s":{"0":5,"1":5,"2":2,"3":2,"4":1,"5":1,"6":1,"7":1},"f":{"0":5,"1":2,"2":1},"b":{"0":[1,0],"1":[1,0]}}
,"D:\\Users\\Kokushi\\WebstormProjects\\Functions-AuthProjectT\\functions\\src\\users\\user.functions.service.ts": {"path":"D:\\Users\\Kokushi\\WebstormProjects\\Functions-AuthProjectT\\functions\\src\\users\\user.functions.service.ts","statementMap":{"0":{"start":{"line":5,"column":22},"end":{"line":5,"column":52}},"1":{"start":{"line":10,"column":9},"end":{"line":10,"column":52}},"2":{"start":{"line":4,"column":0},"end":{"line":4,"column":13}}},"fnMap":{"0":{"name":"(anonymous_0)","decl":{"start":{"line":5,"column":2},"end":{"line":5,"column":22}},"loc":{"start":{"line":5,"column":52},"end":{"line":5,"column":56}}},"1":{"name":"(anonymous_1)","decl":{"start":{"line":7,"column":4},"end":{"line":7,"column":14}},"loc":{"start":{"line":8,"column":17},"end":{"line":11,"column":5}}}},"branchMap":{},"s":{"0":1,"1":1,"2":1},"f":{"0":1,"1":1},"b":{}}
,"D:\\Users\\Kokushi\\WebstormProjects\\Functions-AuthProjectT\\functions\\test\\helpers\\data.helper.ts": {"path":"D:\\Users\\Kokushi\\WebstormProjects\\Functions-AuthProjectT\\functions\\test\\helpers\\data.helper.ts","statementMap":{"0":{"start":{"line":9,"column":2},"end":{"line":13,"column":4}},"1":{"start":{"line":15,"column":2},"end":{"line":22,"column":4}},"2":{"start":{"line":24,"column":2},"end":{"line":27,"column":4}},"3":{"start":{"line":29,"column":2},"end":{"line":33,"column":4}},"4":{"start":{"line":35,"column":2},"end":{"line":39,"column":4}},"5":{"start":{"line":41,"column":2},"end":{"line":45,"column":4}},"6":{"start":{"line":47,"column":2},"end":{"line":51,"column":4}},"7":{"start":{"line":8,"column":0},"end":{"line":8,"column":13}}},"fnMap":{"0":{"name":"(anonymous_0)","decl":{"start":{"line":8,"column":0},"end":{"line":8,"column":13}},"loc":{"start":{"line":8,"column":0},"end":{"line":53,"column":1}}}},"branchMap":{},"s":{"0":9,"1":9,"2":9,"3":9,"4":9,"5":9,"6":9,"7":3},"f":{"0":9},"b":{}}
,"D:\\Users\\Kokushi\\WebstormProjects\\Functions-AuthProjectT\\functions\\test\\helpers\\repository.helper.ts": {"path":"D:\\Users\\Kokushi\\WebstormProjects\\Functions-AuthProjectT\\functions\\test\\helpers\\repository.helper.ts","statementMap":{"0":{"start":{"line":2,"column":0},"end":{"line":2,"column":39}},"1":{"start":{"line":10,"column":22},"end":{"line":10,"column":36}},"2":{"start":{"line":13,"column":4},"end":{"line":17,"column":50}},"3":{"start":{"line":14,"column":21},"end":{"line":14,"column":57}},"4":{"start":{"line":16,"column":21},"end":{"line":16,"column":79}},"5":{"start":{"line":20,"column":4},"end":{"line":20,"column":39}},"6":{"start":{"line":24,"column":4},"end":{"line":30,"column":34}},"7":{"start":{"line":25,"column":26},"end":{"line":25,"column":67}},"8":{"start":{"line":27,"column":26},"end":{"line":27,"column":70}},"9":{"start":{"line":29,"column":26},"end":{"line":29,"column":59}},"10":{"start":{"line":34,"column":4},"end":{"line":36,"column":62}},"11":{"start":{"line":35,"column":25},"end":{"line":35,"column":63}},"12":{"start":{"line":36,"column":49},"end":{"line":36,"column":59}},"13":{"start":{"line":9,"column":0},"end":{"line":9,"column":13}}},"fnMap":{"0":{"name":"(anonymous_0)","decl":{"start":{"line":10,"column":2},"end":{"line":10,"column":22}},"loc":{"start":{"line":10,"column":36},"end":{"line":11,"column":3}}},"1":{"name":"(anonymous_1)","decl":{"start":{"line":12,"column":2},"end":{"line":12,"column":26}},"loc":{"start":{"line":12,"column":26},"end":{"line":18,"column":3}}},"2":{"name":"(anonymous_2)","decl":{"start":{"line":14,"column":13},"end":{"line":14,"column":17}},"loc":{"start":{"line":14,"column":21},"end":{"line":14,"column":57}}},"3":{"name":"(anonymous_3)","decl":{"start":{"line":16,"column":13},"end":{"line":16,"column":17}},"loc":{"start":{"line":16,"column":21},"end":{"line":16,"column":79}}},"4":{"name":"(anonymous_4)","decl":{"start":{"line":19,"column":2},"end":{"line":19,"column":24}},"loc":{"start":{"line":19,"column":24},"end":{"line":21,"column":3}}},"5":{"name":"(anonymous_5)","decl":{"start":{"line":23,"column":2},"end":{"line":23,"column":24}},"loc":{"start":{"line":23,"column":24},"end":{"line":31,"column":3}}},"6":{"name":"(anonymous_6)","decl":{"start":{"line":25,"column":13},"end":{"line":25,"column":22}},"loc":{"start":{"line":25,"column":26},"end":{"line":25,"column":67}}},"7":{"name":"(anonymous_7)","decl":{"start":{"line":27,"column":13},"end":{"line":27,"column":22}},"loc":{"start":{"line":27,"column":26},"end":{"line":27,"column":70}}},"8":{"name":"(anonymous_8)","decl":{"start":{"line":29,"column":13},"end":{"line":29,"column":22}},"loc":{"start":{"line":29,"column":26},"end":{"line":29,"column":59}}},"9":{"name":"(anonymous_9)","decl":{"start":{"line":33,"column":2},"end":{"line":33,"column":23}},"loc":{"start":{"line":33,"column":23},"end":{"line":37,"column":3}}},"10":{"name":"(anonymous_10)","decl":{"start":{"line":35,"column":13},"end":{"line":35,"column":21}},"loc":{"start":{"line":35,"column":25},"end":{"line":35,"column":63}}},"11":{"name":"(anonymous_11)","decl":{"start":{"line":36,"column":27},"end":{"line":36,"column":28}},"loc":{"start":{"line":36,"column":47},"end":{"line":36,"column":59}}}},"branchMap":{},"s":{"0":3,"1":9,"2":4,"3":4,"4":4,"5":4,"6":8,"7":8,"8":8,"9":8,"10":1,"11":1,"12":1,"13":3},"f":{"0":9,"1":4,"2":4,"3":4,"4":4,"5":8,"6":8,"7":8,"8":8,"9":1,"10":1,"11":1},"b":{}}
}
