TN:
SF:src\orders\order.service.ts
FN:6,(anonymous_0)
FN:11,(anonymous_1)
FNF:2
FNH:2
FNDA:5,(anonymous_0)
FNDA:3,(anonymous_1)
DA:5,1
DA:6,5
DA:7,5
DA:8,5
DA:12,3
DA:13,1
DA:15,2
DA:16,1
DA:18,1
DA:21,2
LF:10
LH:10
BRDA:12,0,0,1
BRDA:12,0,1,2
BRDA:12,1,0,3
BRDA:12,1,1,3
BRDA:15,2,0,1
BRDA:15,2,1,1
BRF:6
BRH:6
end_of_record
TN:
SF:src\products\product.functions.service.ts
FN:9,(anonymous_0)
FN:36,(anonymous_1)
FN:42,(anonymous_2)
FNF:3
FNH:3
FNDA:5,(anonymous_0)
FNDA:2,(anonymous_1)
FNDA:1,(anonymous_2)
DA:8,1
DA:9,5
DA:38,2
DA:39,2
DA:43,1
DA:45,1
DA:47,1
LF:7
LH:7
BRDA:43,0,0,1
BRDA:43,0,1,0
BRDA:43,1,0,1
BRDA:43,1,1,0
BRF:4
BRH:2
end_of_record
TN:
SF:src\users\user.functions.service.ts
FN:5,(anonymous_0)
FN:7,(anonymous_1)
FNF:2
FNH:2
FNDA:1,(anonymous_0)
FNDA:1,(anonymous_1)
DA:4,1
DA:5,1
DA:10,1
LF:3
LH:3
BRF:0
BRH:0
end_of_record
TN:
SF:test\helpers\data.helper.ts
FN:8,(anonymous_0)
FNF:1
FNH:1
FNDA:9,(anonymous_0)
DA:8,3
DA:9,9
DA:15,9
DA:24,9
DA:29,9
DA:35,9
DA:41,9
DA:47,9
LF:8
LH:8
BRF:0
BRH:0
end_of_record
TN:
SF:test\helpers\repository.helper.ts
FN:10,(anonymous_0)
FN:12,(anonymous_1)
FN:14,(anonymous_2)
FN:16,(anonymous_3)
FN:19,(anonymous_4)
FN:23,(anonymous_5)
FN:25,(anonymous_6)
FN:27,(anonymous_7)
FN:29,(anonymous_8)
FN:33,(anonymous_9)
FN:35,(anonymous_10)
FN:36,(anonymous_11)
FNF:12
FNH:12
FNDA:9,(anonymous_0)
FNDA:4,(anonymous_1)
FNDA:4,(anonymous_2)
FNDA:4,(anonymous_3)
FNDA:4,(anonymous_4)
FNDA:8,(anonymous_5)
FNDA:8,(anonymous_6)
FNDA:8,(anonymous_7)
FNDA:8,(anonymous_8)
FNDA:1,(anonymous_9)
FNDA:1,(anonymous_10)
FNDA:1,(anonymous_11)
DA:2,3
DA:9,3
DA:10,9
DA:13,4
DA:14,4
DA:16,4
DA:20,4
DA:24,8
DA:25,8
DA:27,8
DA:29,8
DA:34,1
DA:35,1
DA:36,1
LF:14
LH:14
BRF:0
BRH:0
end_of_record
